2024-03-01 08:00:01,123 INFO  [AppStartup] Application starting...
2024-03-01 08:00:01,456 INFO  [Config] Loading configuration from config.yaml
2024-03-01 08:00:01,789 DEBUG [Config] Database host: localhost:5432
2024-03-01 08:00:02,001 DEBUG [Config] Redis host: localhost:6379
2024-03-01 08:00:02,345 INFO  [Database] Connecting to PostgreSQL...
2024-03-01 08:00:02,678 INFO  [Database] Connection established (pool_size=10)
2024-03-01 08:00:03,012 INFO  [Cache] Redis connection established
2024-03-01 08:00:03,234 INFO  [AppStartup] All services initialized
2024-03-01 08:00:03,456 INFO  [HTTP] Server listening on 0.0.0.0:8080
2024-03-01 08:01:05,123 INFO  [HTTP] GET /health 200 OK (2ms)
2024-03-01 08:01:10,456 INFO  [HTTP] POST /api/users/login 200 OK (45ms)
2024-03-01 08:01:10,789 DEBUG [Auth] JWT token issued for user_id=1042
2024-03-01 08:01:15,012 WARN  [RateLimit] User 1042 approaching rate limit (85/100)
2024-03-01 08:01:22,345 INFO  [HTTP] GET /api/users/1042/profile 200 OK (12ms)
2024-03-01 08:01:30,678 ERROR [Database] Query timeout after 5000ms: SELECT * FROM orders WHERE status='pending'
2024-03-01 08:01:30,901 WARN  [Database] Falling back to read replica
2024-03-01 08:01:31,234 INFO  [Database] Read replica query successful (234ms)
2024-03-01 08:01:45,567 DEBUG [Cache] Cache miss for key: user:1042:orders
2024-03-01 08:01:45,890 INFO  [Cache] Cached user:1042:orders (TTL=300s)
2024-03-01 08:02:01,123 INFO  [HTTP] GET /api/orders?page=1 200 OK (87ms)
2024-03-01 08:02:15,456 WARN  [Memory] Heap usage at 78% (3.1GB / 4.0GB)
2024-03-01 08:02:30,789 ERROR [PaymentService] Stripe API call failed: Connection timeout
2024-03-01 08:02:30,901 ERROR [PaymentService] Retrying payment (attempt 1/3)...
2024-03-01 08:02:32,234 ERROR [PaymentService] Retrying payment (attempt 2/3)...
2024-03-01 08:02:34,567 ERROR [PaymentService] Retrying payment (attempt 3/3)...
2024-03-01 08:02:34,890 CRITICAL [PaymentService] Payment processing FAILED after 3 retries for order_id=8842
2024-03-01 08:02:35,012 INFO  [Notification] Alert sent to ops-team@company.com
2024-03-01 08:02:35,234 INFO  [HTTP] POST /api/payments 503 Service Unavailable (4891ms)
2024-03-01 08:03:00,456 DEBUG [GC] Garbage collection completed (freed 512MB, took 180ms)
2024-03-01 08:03:15,678 WARN  [Memory] Heap usage at 62% (2.5GB / 4.0GB)
2024-03-01 08:03:30,901 INFO  [HTTP] GET /health 200 OK (1ms)
2024-03-01 08:04:00,123 DEBUG [Scheduler] Running job: cleanup_expired_sessions
2024-03-01 08:04:00,456 DEBUG [Scheduler] Deleted 142 expired sessions
2024-03-01 08:04:01,789 INFO  [Scheduler] Job cleanup_expired_sessions completed (1.3s)
2024-03-01 08:04:15,012 INFO  [HTTP] POST /api/users/login 200 OK (38ms)
2024-03-01 08:04:30,234 TRACE [Auth] Token validation path: cache_hit -> jwt_verify -> scope_check
2024-03-01 08:04:30,456 INFO  [HTTP] GET /api/dashboard 200 OK (23ms)
2024-03-01 08:05:00,678 WARN  [RateLimit] User 1099 exceeded rate limit (100/100) — request blocked
2024-03-01 08:05:00,901 INFO  [HTTP] GET /api/data 429 Too Many Requests (0ms)
2024-03-01 08:05:15,123 ERROR [FileStorage] Failed to upload file: Disk quota exceeded (used: 99.8%)
2024-03-01 08:05:15,234 WARN  [FileStorage] Storage at critical capacity — uploads paused
2024-03-01 08:06:00,456 INFO  [HTTP] GET /health 200 OK (2ms)
2024-03-01 08:07:30,678 DEBUG [Config] Hot-reload detected: config.yaml changed
2024-03-01 08:07:30,901 INFO  [Config] Reloading configuration...
2024-03-01 08:07:31,123 INFO  [Config] Configuration reloaded successfully
2024-03-01 08:07:31,345 WARN  [Config] Deprecated setting 'max_pool_size' detected — use 'db.pool.max' instead
